<?xml version="1.0" encoding="UTF-8"?>
<!-- Generated by org.testng.reporters.JUnitReportReporter -->
<testsuite hostname="NaintaraLaptop" failures="0" tests="1" name="com.example.tests.LoginTest" time="4.675" errors="0" timestamp="2025-08-03T01:12:09 IST" skipped="0">
  <testcase classname="com.example.tests.LoginTest" name="setup" time="4.675"/>
</testsuite> <!-- com.example.tests.LoginTest -->
