<?xml version="1.0" encoding="UTF-8"?>
<!-- Generated by org.testng.reporters.JUnitReportReporter -->
<testsuite hostname="NaintaraLaptop" failures="0" tests="1" name="com.example.tests.SampleTest" time="0.002" errors="0" timestamp="2025-08-03T01:08:08 IST" skipped="0">
  <testcase classname="com.example.tests.SampleTest" name="Sampletest" time="0.002"/>
</testsuite> <!-- com.example.tests.SampleTest -->
