<?xml version="1.0" encoding="UTF-8"?>
<!-- Generated by org.testng.reporters.JUnitReportReporter -->
<testsuite hostname="NaintaraLaptop" failures="0" tests="1" name="com.example.tests.LoginTest" time="6.513" errors="0" timestamp="2025-08-11T18:23:56 IST" skipped="0">
  <testcase classname="com.example.tests.LoginTest" name="logintestExcelRead" time="6.513"/>
</testsuite> <!-- com.example.tests.LoginTest -->
